[2018-04-20 13:09:09] [INFO] 当前操作系统是:[Windows 7]
[2018-04-20 13:09:09] [INFO] 启动测试浏览器：[chrome]
[2018-04-20 13:09:14] [INFO] 最大化浏览器:chrome
[2018-04-20 13:09:22] [INFO] 打开测试页面:[http://wt1.niwodai.com/]
[2018-04-20 13:09:22] [INFO] checkHomeText 测试用例开始执行！
[2018-04-20 13:09:22] [INFO] 开始等待首页元素加载
[2018-04-20 13:09:22] [INFO] 开始查找元素[By.xpath: //*[@id='login_bt']/a[1]]
[2018-04-20 13:09:22] [INFO] 找到了元素 [By.xpath: //*[@id='login_bt']/a[1]]
[2018-04-20 13:09:22] [INFO] 首页登录按钮加载完毕
[2018-04-20 13:09:25] [INFO] 点击元素 [By.xpath: //*[@id='login_bt']/a[1]]
[2018-04-20 13:09:26] [INFO] 开始检查登录页面元素
[2018-04-20 13:09:26] [INFO] 开始查找元素[By.id: username]
[2018-04-20 13:09:26] [INFO] 找到了元素 [By.id: username]
[2018-04-20 13:09:26] [INFO] 开始查找元素[By.id: pwd]
[2018-04-20 13:09:26] [INFO] 找到了元素 [By.id: pwd]
[2018-04-20 13:09:26] [INFO] 开始查找元素[By.id: userLoginBtn]
[2018-04-20 13:09:26] [INFO] 找到了元素 [By.id: userLoginBtn]
[2018-04-20 13:09:26] [INFO] 检查登录页面元素完毕
[2018-04-20 13:09:26] [INFO] 开始输入登录信息
[2018-04-20 13:09:26] [INFO] 清除元素 [By.id: username]上的内容
[2018-04-20 13:09:26] [INFO] 输入：[allen] 到 [By.id: username]
[2018-04-20 13:09:26] [INFO] 清除元素 [By.id: pwd]上的内容
[2018-04-20 13:09:26] [INFO] 输入：[a1234567] 到 [By.id: pwd]
[2018-04-20 13:09:26] [INFO] 输入登录信息完毕
[2018-04-20 13:09:27] [INFO] 点击元素 [By.id: userLoginBtn]
[2018-04-20 13:09:27] [INFO] 开始等待首页元素加载
[2018-04-20 13:09:27] [INFO] 开始查找元素[By.xpath: html/body/div[2]/div[1]/div/span[7]/a[1]]
[2018-04-20 13:09:32] [INFO] 找到了元素 [By.xpath: html/body/div[2]/div[1]/div/span[7]/a[1]]
[2018-04-20 13:09:32] [INFO] 首页元素加载完毕
[2018-04-20 13:09:32] [INFO] 开始检查用户名是不是：allen
[2018-04-20 13:09:32] [INFO] 找到了期望的文字: [allen]
[2018-04-20 13:09:32] [INFO] 用户名检查完毕,用户名是：allen
[2018-04-20 13:09:32] [INFO] checkHomeText 测试用例执行成功！
